2023-09-27T10:08:38.729-03:00  INFO 6108 --- [main] i.g.d.m.a.m.r.BookRepositoryTest         : Starting BookRepositoryTest using Java 17.0.8 with PID 6108 (started by dougl in C:\Users\dougl\Library-API)
2023-09-27T10:08:38.735-03:00  INFO 6108 --- [main] i.g.d.m.a.m.r.BookRepositoryTest         : The following 1 profile is active: "test"
2023-09-27T10:08:39.318-03:00  INFO 6108 --- [main] .s.d.r.c.RepositoryConfigurationDelegate : Bootstrapping Spring Data JPA repositories in DEFAULT mode.
2023-09-27T10:08:39.413-03:00  INFO 6108 --- [main] .s.d.r.c.RepositoryConfigurationDelegate : Finished Spring Data repository scanning in 74 ms. Found 2 JPA repository interfaces.
2023-09-27T10:08:39.866-03:00  INFO 6108 --- [main] com.zaxxer.hikari.HikariDataSource       : HikariPool-1 - Starting...
2023-09-27T10:08:40.255-03:00  INFO 6108 --- [main] com.zaxxer.hikari.pool.HikariPool        : HikariPool-1 - Added connection conn0: url=jdbc:h2:mem:223ca761-a999-4f43-90c5-9d4bc0e454da user=SA
2023-09-27T10:08:40.257-03:00  INFO 6108 --- [main] com.zaxxer.hikari.HikariDataSource       : HikariPool-1 - Start completed.
2023-09-27T10:08:40.317-03:00  INFO 6108 --- [main] o.hibernate.jpa.internal.util.LogHelper  : HHH000204: Processing PersistenceUnitInfo [name: default]
2023-09-27T10:08:40.410-03:00  INFO 6108 --- [main] org.hibernate.Version                    : HHH000412: Hibernate ORM core version 6.2.7.Final
2023-09-27T10:08:40.414-03:00  INFO 6108 --- [main] org.hibernate.cfg.Environment            : HHH000406: Using bytecode reflection optimizer
2023-09-27T10:08:40.657-03:00  INFO 6108 --- [main] o.h.b.i.BytecodeProviderInitiator        : HHH000021: Bytecode provider name : bytebuddy
2023-09-27T10:08:40.862-03:00  INFO 6108 --- [main] o.s.o.j.p.SpringPersistenceUnitInfo      : No LoadTimeWeaver setup: ignoring JPA class transformer
2023-09-27T10:08:41.285-03:00  INFO 6108 --- [main] o.h.b.i.BytecodeProviderInitiator        : HHH000021: Bytecode provider name : bytebuddy
2023-09-27T10:08:42.250-03:00  INFO 6108 --- [main] o.h.e.t.j.p.i.JtaPlatformInitiator       : HHH000490: Using JtaPlatform implementation: [org.hibernate.engine.transaction.jta.platform.internal.NoJtaPlatform]
2023-09-27T10:08:42.315-03:00  INFO 6108 --- [main] j.LocalContainerEntityManagerFactoryBean : Initialized JPA EntityManagerFactory for persistence unit 'default'
2023-09-27T10:08:42.862-03:00  INFO 6108 --- [main] i.g.d.m.a.m.r.BookRepositoryTest         : Started BookRepositoryTest in 4.796 seconds (process running for 6.432)
2023-09-27T10:08:43.693-03:00  INFO 6108 --- [main] t.c.s.AnnotationConfigContextLoaderUtils : Could not detect default configuration classes for test class [io.github.douglasliebl.library.api.model.repository.LoanRepositoryTest]: LoanRepositoryTest does not declare any static, non-private, non-final, nested classes annotated with @Configuration.
2023-09-27T10:08:43.700-03:00  INFO 6108 --- [main] .b.t.c.SpringBootTestContextBootstrapper : Found @SpringBootConfiguration io.github.douglasliebl.library.MsBooksApplication for test class io.github.douglasliebl.library.api.model.repository.LoanRepositoryTest
2023-09-27T10:08:43.824-03:00  INFO 6108 --- [main] t.c.s.AnnotationConfigContextLoaderUtils : Could not detect default configuration classes for test class [io.github.douglasliebl.library.api.resource.BookControllerTest]: BookControllerTest does not declare any static, non-private, non-final, nested classes annotated with @Configuration.
2023-09-27T10:08:43.848-03:00  INFO 6108 --- [main] .b.t.c.SpringBootTestContextBootstrapper : Found @SpringBootConfiguration io.github.douglasliebl.library.MsBooksApplication for test class io.github.douglasliebl.library.api.resource.BookControllerTest
2023-09-27T10:08:43.897-03:00  INFO 6108 --- [main] i.g.d.m.api.resource.BookControllerTest  : Starting BookControllerTest using Java 17.0.8 with PID 6108 (started by dougl in C:\Users\dougl\Library-API)
2023-09-27T10:08:43.898-03:00  INFO 6108 --- [main] i.g.d.m.api.resource.BookControllerTest  : The following 1 profile is active: "test"
2023-09-27T10:08:45.164-03:00  INFO 6108 --- [main] o.s.b.t.m.w.SpringBootMockServletContext : Initializing Spring TestDispatcherServlet ''
2023-09-27T10:08:45.165-03:00  INFO 6108 --- [main] o.s.t.web.servlet.TestDispatcherServlet  : Initializing Servlet ''
2023-09-27T10:08:45.166-03:00  INFO 6108 --- [main] o.s.t.web.servlet.TestDispatcherServlet  : Completed initialization in 1 ms
2023-09-27T10:08:45.189-03:00  INFO 6108 --- [main] i.g.d.m.api.resource.BookControllerTest  : Started BookControllerTest in 1.326 seconds (process running for 8.76)
2023-09-27T10:08:45.315-03:00  INFO 6108 --- [main] i.g.d.m.api.resource.BookController      : deleting book with id: 1
2023-09-27T10:08:45.694-03:00  INFO 6108 --- [main] i.g.d.m.api.resource.BookController      : creating a book for isbn: 123456
2023-09-27T10:08:45.707-03:00  INFO 6108 --- [main] i.g.d.m.api.resource.BookController      : updating book with id: 11
2023-09-27T10:08:45.722-03:00  INFO 6108 --- [main] i.g.d.m.api.resource.BookController      : creating a book for isbn: 123456
2023-09-27T10:08:45.749-03:00  INFO 6108 --- [main] i.g.d.m.api.resource.BookController      : obtaining details for book id: 11
2023-09-27T10:08:45.756-03:00  INFO 6108 --- [main] i.g.d.m.api.resource.BookController      : deleting book with id: 11
2023-09-27T10:08:45.763-03:00  INFO 6108 --- [main] i.g.d.m.api.resource.BookController      : obtaining details for book id: 1
2023-09-27T10:08:45.770-03:00  INFO 6108 --- [main] i.g.d.m.api.resource.BookController      : updating book with id: 1
2023-09-27T10:08:45.802-03:00  INFO 6108 --- [main] t.c.s.AnnotationConfigContextLoaderUtils : Could not detect default configuration classes for test class [io.github.douglasliebl.library.api.resource.LoanControllerTest]: LoanControllerTest does not declare any static, non-private, non-final, nested classes annotated with @Configuration.
2023-09-27T10:08:45.807-03:00  INFO 6108 --- [main] .b.t.c.SpringBootTestContextBootstrapper : Found @SpringBootConfiguration io.github.douglasliebl.library.MsBooksApplication for test class io.github.douglasliebl.library.api.resource.LoanControllerTest
2023-09-27T10:08:45.847-03:00  INFO 6108 --- [main] i.g.d.m.api.resource.LoanControllerTest  : Starting LoanControllerTest using Java 17.0.8 with PID 6108 (started by dougl in C:\Users\dougl\Library-API)
2023-09-27T10:08:45.849-03:00  INFO 6108 --- [main] i.g.d.m.api.resource.LoanControllerTest  : The following 1 profile is active: "test"
2023-09-27T10:08:46.087-03:00  INFO 6108 --- [main] o.s.b.t.m.w.SpringBootMockServletContext : Initializing Spring TestDispatcherServlet ''
2023-09-27T10:08:46.087-03:00  INFO 6108 --- [main] o.s.t.web.servlet.TestDispatcherServlet  : Initializing Servlet ''
2023-09-27T10:08:46.087-03:00  INFO 6108 --- [main] o.s.t.web.servlet.TestDispatcherServlet  : Completed initialization in 0 ms
2023-09-27T10:08:46.093-03:00  INFO 6108 --- [main] i.g.d.m.api.resource.LoanControllerTest  : Started LoanControllerTest in 0.28 seconds (process running for 9.663)
2023-09-27T10:08:46.178-03:00  INFO 6108 --- [main] t.c.s.AnnotationConfigContextLoaderUtils : Could not detect default configuration classes for test class [io.github.douglasliebl.library.api.service.BookServiceTest]: BookServiceTest does not declare any static, non-private, non-final, nested classes annotated with @Configuration.
2023-09-27T10:08:46.375-03:00  INFO 6108 --- [main] t.c.s.AnnotationConfigContextLoaderUtils : Could not detect default configuration classes for test class [io.github.douglasliebl.library.api.service.LoanServiceTest]: LoanServiceTest does not declare any static, non-private, non-final, nested classes annotated with @Configuration.
2023-09-27T10:08:46.483-03:00  INFO 6108 --- [main] t.c.s.AnnotationConfigContextLoaderUtils : Could not detect default configuration classes for test class [io.github.douglasliebl.library.MsBooksApplicationTests]: MsBooksApplicationTests does not declare any static, non-private, non-final, nested classes annotated with @Configuration.
2023-09-27T10:08:46.489-03:00  INFO 6108 --- [main] .b.t.c.SpringBootTestContextBootstrapper : Found @SpringBootConfiguration io.github.douglasliebl.library.MsBooksApplication for test class io.github.douglasliebl.library.MsBooksApplicationTests
2023-09-27T10:08:46.517-03:00  INFO 6108 --- [main] i.g.d.msbooks.MsBooksApplicationTests    : Starting MsBooksApplicationTests using Java 17.0.8 with PID 6108 (started by dougl in C:\Users\dougl\Library-API)
2023-09-27T10:08:46.518-03:00  INFO 6108 --- [main] i.g.d.msbooks.MsBooksApplicationTests    : No active profile set, falling back to 1 default profile: "default"
2023-09-27T10:08:47.239-03:00  INFO 6108 --- [main] .s.d.r.c.RepositoryConfigurationDelegate : Bootstrapping Spring Data JPA repositories in DEFAULT mode.
2023-09-27T10:08:47.252-03:00  INFO 6108 --- [main] .s.d.r.c.RepositoryConfigurationDelegate : Finished Spring Data repository scanning in 12 ms. Found 2 JPA repository interfaces.
2023-09-27T10:08:47.421-03:00  INFO 6108 --- [main] com.zaxxer.hikari.HikariDataSource       : HikariPool-2 - Starting...
2023-09-27T10:08:47.424-03:00  INFO 6108 --- [main] com.zaxxer.hikari.pool.HikariPool        : HikariPool-2 - Added connection conn10: url=jdbc:h2:mem:555e2b0f-b2a2-4c63-9d65-fe216566a759 user=SA
2023-09-27T10:08:47.425-03:00  INFO 6108 --- [main] com.zaxxer.hikari.HikariDataSource       : HikariPool-2 - Start completed.
2023-09-27T10:08:47.429-03:00  INFO 6108 --- [main] o.hibernate.jpa.internal.util.LogHelper  : HHH000204: Processing PersistenceUnitInfo [name: default]
2023-09-27T10:08:47.439-03:00  INFO 6108 --- [main] o.h.b.i.BytecodeProviderInitiator        : HHH000021: Bytecode provider name : bytebuddy
2023-09-27T10:08:47.440-03:00  INFO 6108 --- [main] o.s.o.j.p.SpringPersistenceUnitInfo      : No LoadTimeWeaver setup: ignoring JPA class transformer
2023-09-27T10:08:47.452-03:00  INFO 6108 --- [main] o.h.b.i.BytecodeProviderInitiator        : HHH000021: Bytecode provider name : bytebuddy
2023-09-27T10:08:47.499-03:00  INFO 6108 --- [main] o.h.e.t.j.p.i.JtaPlatformInitiator       : HHH000490: Using JtaPlatform implementation: [org.hibernate.engine.transaction.jta.platform.internal.NoJtaPlatform]
2023-09-27T10:08:47.503-03:00  INFO 6108 --- [main] j.LocalContainerEntityManagerFactoryBean : Initialized JPA EntityManagerFactory for persistence unit 'default'
2023-09-27T10:08:47.883-03:00  WARN 6108 --- [main] JpaBaseConfiguration$JpaWebConfiguration : spring.jpa.open-in-view is enabled by default. Therefore, database queries may be performed during view rendering. Explicitly configure spring.jpa.open-in-view to disable this warning
2023-09-27T10:08:48.415-03:00  INFO 6108 --- [main] o.s.b.a.e.web.EndpointLinksResolver      : Exposing 14 endpoint(s) beneath base path '/actuator'
2023-09-27T10:08:48.494-03:00  INFO 6108 --- [main] i.g.d.msbooks.MsBooksApplicationTests    : Started MsBooksApplicationTests in 1.999 seconds (process running for 12.064)
2023-09-27T10:08:48.557-03:00  INFO 6108 --- [SpringApplicationShutdownHook] j.LocalContainerEntityManagerFactoryBean : Closing JPA EntityManagerFactory for persistence unit 'default'
2023-09-27T10:08:48.771-03:00  INFO 6108 --- [SpringApplicationShutdownHook] com.zaxxer.hikari.HikariDataSource       : HikariPool-1 - Shutdown initiated...
2023-09-27T10:08:48.773-03:00  INFO 6108 --- [SpringApplicationShutdownHook] com.zaxxer.hikari.HikariDataSource       : HikariPool-1 - Shutdown completed.
2023-09-27T10:08:48.778-03:00  INFO 6108 --- [SpringApplicationShutdownHook] j.LocalContainerEntityManagerFactoryBean : Closing JPA EntityManagerFactory for persistence unit 'default'
2023-09-27T10:08:48.780-03:00  INFO 6108 --- [SpringApplicationShutdownHook] com.zaxxer.hikari.HikariDataSource       : HikariPool-2 - Shutdown initiated...
2023-09-27T10:08:48.781-03:00  INFO 6108 --- [SpringApplicationShutdownHook] com.zaxxer.hikari.HikariDataSource       : HikariPool-2 - Shutdown completed.
